Apr 07, 2026 10:34:40 PM java.awt.EventDispatchThread pumpOneEventForFilters
FINEST: Dispatching: java.awt.event.MouseEvent[MOUSE_MOVED,(959,80),absolute(1741,507),clickCount=0] on frame0
Apr 07, 2026 10:34:40 PM java.awt.Component dispatchEventImpl
FINEST: java.awt.event.MouseEvent[MOUSE_MOVED,(959,80),absolute(1741,507),clickCount=0] on frame0
Apr 07, 2026 10:34:40 PM java.awt.EventDispatchThread pumpOneEventForFilters
FINEST: Dispatching: java.awt.event.InvocationEvent[INVOCATION_DEFAULT,runnable=sun.awt.GlobalCursorManager$NativeUpdater@1948610a,notifier=null,catchExceptions=false,when=1775572480004] on sun.awt.windows.WToolkit@2f6ff80e
Apr 07, 2026 10:34:40 PM java.awt.EventDispatchThread pumpOneEventForFilters
FINEST: Dispatching: java.awt.event.MouseEvent[MOUSE_MOVED,(958,79),absolute(1740,506),clickCount=0] on frame0
Apr 07, 2026 10:34:40 PM java.awt.Component dispatchEventImpl
FINEST: java.awt.event.MouseEvent[MOUSE_MOVED,(958,79),absolute(1740,506),clickCount=0] on frame0
Apr 07, 2026 10:34:40 PM java.awt.EventDispatchThread pumpOneEventForFilters
FINEST: Dispatching: java.awt.event.InvocationEvent[INVOCATION_DEFAULT,runnable=sun.awt.GlobalCursorManager$NativeUpdater@1948610a,notifier=null,catchExceptions=false,when=1775572480004] on sun.awt.windows.WToolkit@2f6ff80e
Apr 07, 2026 10:34:40 PM java.awt.EventDispatchThread pumpOneEventForFilters
FINEST: Dispatching: java.awt.event.MouseEvent[MOUSE_MOVED,(958,78),absolute(1740,505),clickCount=0] on frame0
Apr 07, 2026 10:34:40 PM java.awt.Component dispatchEventImpl
FINEST: java.awt.event.MouseEvent[MOUSE_MOVED,(958,78),absolute(1740,505),clickCount=0] on frame0
Apr 07, 2026 10:34:40 PM java.awt.EventDispatchThread pumpOneEventForFilters
FINEST: Dispatching: java.awt.event.InvocationEvent[INVOCATION_DEFAULT,runnable=sun.awt.GlobalCursorManager$NativeUpdater@1948610a,notifier=null,catchExceptions=false,when=1775572480007] on sun.awt.windows.WToolkit@2f6ff80e
Apr 07, 2026 10:34:40 PM java.awt.EventDispatchThread pumpOneEventForFilters
FINEST: Dispatching: java.awt.event.MouseEvent[MOUSE_MOVED,(958,76),absolute(1740,503),clickCount=0] on frame0
Apr 07, 2026 10:34:40 PM java.awt.Component dispatchEventImpl
FINEST: java.awt.event.MouseEvent[MOUSE_MOVED,(958,76),absolute(1740,503),clickCount=0] on frame0
Apr 07, 2026 10:34:40 PM java.awt.EventDispatchThread pumpOneEventForFilters
FINEST: Dispatching: java.awt.event.InvocationEvent[INVOCATION_DEFAULT,runnable=sun.awt.GlobalCursorManager$NativeUpdater@1948610a,notifier=null,catchExceptions=false,when=1775572480008] on sun.awt.windows.WToolkit@2f6ff80e
Apr 07, 2026 10:34:40 PM java.awt.EventDispatchThread pumpOneEventForFilters
FINEST: Dispatching: java.awt.event.MouseEvent[MOUSE_MOVED,(958,75),absolute(1740,502),clickCount=0] on frame0
Apr 07, 2026 10:34:40 PM java.awt.Component dispatchEventImpl
FINEST: java.awt.event.MouseEvent[MOUSE_MOVED,(958,75),absolute(1740,502),clickCount=0] on frame0
Apr 07, 2026 10:34:40 PM java.awt.EventDispatchThread pumpOneEventForFilters
FINEST: Dispatching: java.awt.event.InvocationEvent[INVOCATION_DEFAULT,runnable=sun.awt.GlobalCursorManager$NativeUpdater@1948610a,notifier=null,catchExceptions=false,when=1775572480009] on sun.awt.windows.WToolkit@2f6ff80e
Apr 07, 2026 10:34:40 PM java.awt.EventDispatchThread pumpOneEventForFilters
FINEST: Dispatching: java.awt.event.MouseEvent[MOUSE_MOVED,(958,74),absolute(1740,501),clickCount=0] on frame0
Apr 07, 2026 10:34:40 PM java.awt.Component dispatchEventImpl
FINEST: java.awt.event.MouseEvent[MOUSE_MOVED,(958,74),absolute(1740,501),clickCount=0] on frame0
Apr 07, 2026 10:34:40 PM java.awt.EventDispatchThread pumpOneEventForFilters
FINEST: Dispatching: java.awt.event.InvocationEvent[INVOCATION_DEFAULT,runnable=sun.awt.GlobalCursorManager$NativeUpdater@1948610a,notifier=null,catchExceptions=false,when=1775572480011] on sun.awt.windows.WToolkit@2f6ff80e
Apr 07, 2026 10:34:40 PM java.awt.EventDispatchThread pumpOneEventForFilters
FINEST: Dispatching: java.awt.event.MouseEvent[MOUSE_MOVED,(958,73),absolute(1740,500),clickCount=0] on frame0
Apr 07, 2026 10:34:40 PM java.awt.Component dispatchEventImpl
FINEST: java.awt.event.MouseEvent[MOUSE_MOVED,(958,73),absolute(1740,500),clickCount=0] on frame0
Apr 07, 2026 10:34:40 PM java.awt.EventDispatchThread pumpOneEventForFilters
FINEST: Dispatching: java.awt.event.InvocationEvent[INVOCATION_DEFAULT,runnable=sun.awt.GlobalCursorManager$NativeUpdater@1948610a,notifier=null,catchExceptions=false,when=1775572480012] on sun.awt.windows.WToolkit@2f6ff80e
Apr 07, 2026 10:34:40 PM java.awt.EventDispatchThread pumpOneEventForFilters
FINEST: Dispatching: java.awt.event.MouseEvent[MOUSE_MOVED,(957,72),absolute(1739,499),clickCount=0] on frame0
Apr 07, 2026 10:34:40 PM java.awt.Component dispatchEventImpl
FINEST: java.awt.event.MouseEvent[MOUSE_MOVED,(957,72),absolute(1739,499),clickCount=0] on frame0
Apr 07, 2026 10:34:40 PM java.awt.EventDispatchThread pumpOneEventForFilters
FINEST: Dispatching: java.awt.event.InvocationEvent[INVOCATION_DEFAULT,runnable=sun.awt.GlobalCursorManager$NativeUpdater@1948610a,notifier=null,catchExceptions=false,when=1775572480013] on sun.awt.windows.WToolkit@2f6ff80e
Apr 07, 2026 10:34:40 PM java.awt.EventDispatchThread pumpOneEventForFilters
FINEST: Dispatching: java.awt.event.MouseEvent[MOUSE_MOVED,(957,71),absolute(1739,498),clickCount=0] on frame0
Apr 07, 2026 10:34:40 PM java.awt.Component dispatchEventImpl
FINEST: java.awt.event.MouseEvent[MOUSE_MOVED,(957,71),absolute(1739,498),clickCount=0] on frame0
Apr 07, 2026 10:34:40 PM java.awt.EventDispatchThread pumpOneEventForFilters
FINEST: Dispatching: java.awt.event.InvocationEvent[INVOCATION_DEFAULT,runnable=sun.awt.GlobalCursorManager$NativeUpdater@1948610a,notifier=null,catchExceptions=false,when=1775572480014] on sun.awt.windows.WToolkit@2f6ff80e
Apr 07, 2026 10:34:40 PM java.awt.EventDispatchThread pumpOneEventForFilters
FINEST: Dispatching: java.awt.event.MouseEvent[MOUSE_MOVED,(957,70),absolute(1739,497),clickCount=0] on frame0
Apr 07, 2026 10:34:40 PM java.awt.Component dispatchEventImpl
FINEST: java.awt.event.MouseEvent[MOUSE_MOVED,(957,70),absolute(1739,497),clickCount=0] on frame0
Apr 07, 2026 10:34:40 PM java.awt.EventDispatchThread pumpOneEventForFilters
FINEST: Dispatching: java.awt.event.InvocationEvent[INVOCATION_DEFAULT,runnable=sun.awt.GlobalCursorManager$NativeUpdater@1948610a,notifier=null,catchExceptions=false,when=1775572480017] on sun.awt.windows.WToolkit@2f6ff80e
Apr 07, 2026 10:34:40 PM java.awt.EventDispatchThread pumpOneEventForFilters
FINEST: Dispatching: java.awt.event.MouseEvent[MOUSE_MOVED,(956,68),absolute(1738,495),clickCount=0] on frame0
Apr 07, 2026 10:34:40 PM java.awt.Component dispatchEventImpl
FINEST: java.awt.event.MouseEvent[MOUSE_MOVED,(956,68),absolute(1738,495),clickCount=0] on frame0
Apr 07, 2026 10:34:40 PM java.awt.EventDispatchThread pumpOneEventForFilters
FINEST: Dispatching: java.awt.event.InvocationEvent[INVOCATION_DEFAULT,runnable=sun.awt.GlobalCursorManager$NativeUpdater@1948610a,notifier=null,catchExceptions=false,when=1775572480020] on sun.awt.windows.WToolkit@2f6ff80e
Apr 07, 2026 10:34:40 PM java.awt.EventDispatchThread pumpOneEventForFilters
FINEST: Dispatching: java.awt.event.MouseEvent[MOUSE_MOVED,(956,67),absolute(1738,494),clickCount=0] on frame0
Apr 07, 2026 10:34:40 PM java.awt.Component dispatchEventImpl
FINEST: java.awt.event.MouseEvent[MOUSE_MOVED,(956,67),absolute(1738,494),clickCount=0] on frame0
Apr 07, 2026 10:34:40 PM java.awt.EventDispatchThread pumpOneEventForFilters
FINEST: Dispatching: java.awt.event.InvocationEvent[INVOCATION_DEFAULT,runnable=sun.awt.GlobalCursorManager$NativeUpdater@1948610a,notifier=null,catchExceptions=false,when=1775572480021] on sun.awt.windows.WToolkit@2f6ff80e
Apr 07, 2026 10:34:40 PM java.awt.EventDispatchThread pumpOneEventForFilters
FINEST: Dispatching: java.awt.event.MouseEvent[MOUSE_MOVED,(956,66),absolute(1738,493),clickCount=0] on frame0
Apr 07, 2026 10:34:40 PM java.awt.Component dispatchEventImpl
FINEST: java.awt.event.MouseEvent[MOUSE_MOVED,(956,66),absolute(1738,493),clickCount=0] on frame0
Apr 07, 2026 10:34:40 PM java.awt.EventDispatchThread pumpOneEventForFilters
FINEST: Dispatching: java.awt.event.InvocationEvent[INVOCATION_DEFAULT,runnable=sun.awt.GlobalCursorManager$NativeUpdater@1948610a,notifier=null,catchExceptions=false,when=1775572480024] on sun.awt.windows.WToolkit@2f6ff80e
Apr 07, 2026 10:34:40 PM java.awt.EventDispatchThread pumpOneEventForFilters
FINEST: Dispatching: java.awt.event.MouseEvent[MOUSE_MOVED,(956,65),absolute(1738,492),clickCount=0] on frame0
Apr 07, 2026 10:34:40 PM java.awt.Component dispatchEventImpl
FINEST: java.awt.event.MouseEvent[MOUSE_MOVED,(956,65),absolute(1738,492),clickCount=0] on frame0
Apr 07, 2026 10:34:40 PM java.awt.EventDispatchThread pumpOneEventForFilters
FINEST: Dispatching: java.awt.event.InvocationEvent[INVOCATION_DEFAULT,runnable=sun.awt.GlobalCursorManager$NativeUpdater@1948610a,notifier=null,catchExceptions=false,when=1775572480027] on sun.awt.windows.WToolkit@2f6ff80e
Apr 07, 2026 10:34:40 PM java.awt.EventDispatchThread pumpOneEventForFilters
FINEST: Dispatching: java.awt.event.MouseEvent[MOUSE_MOVED,(955,64),absolute(1737,491),clickCount=0] on frame0
Apr 07, 2026 10:34:40 PM java.awt.Component dispatchEventImpl
FINEST: java.awt.event.MouseEvent[MOUSE_MOVED,(955,64),absolute(1737,491),clickCount=0] on frame0
Apr 07, 2026 10:34:40 PM java.awt.EventDispatchThread pumpOneEventForFilters
FINEST: Dispatching: java.awt.event.InvocationEvent[INVOCATION_DEFAULT,runnable=sun.awt.GlobalCursorManager$NativeUpdater@1948610a,notifier=null,catchExceptions=false,when=1775572480032] on sun.awt.windows.WToolkit@2f6ff80e
Apr 07, 2026 10:34:40 PM java.awt.EventDispatchThread pumpOneEventForFilters
FINEST: Dispatching: java.awt.event.MouseEvent[MOUSE_MOVED,(955,63),absolute(1737,490),clickCount=0] on frame0
Apr 07, 2026 10:34:40 PM java.awt.Component dispatchEventImpl
FINEST: java.awt.event.MouseEvent[MOUSE_MOVED,(955,63),absolute(1737,490),clickCount=0] on frame0
Apr 07, 2026 10:34:40 PM java.awt.EventDispatchThread pumpOneEventForFilters
FINEST: Dispatching: java.awt.event.InvocationEvent[INVOCATION_DEFAULT,runnable=sun.awt.GlobalCursorManager$NativeUpdater@1948610a,notifier=null,catchExceptions=false,when=1775572480035] on sun.awt.windows.WToolkit@2f6ff80e
Apr 07, 2026 10:34:40 PM java.awt.EventDispatchThread pumpOneEventForFilters
FINEST: Dispatching: java.awt.event.MouseEvent[MOUSE_MOVED,(955,62),absolute(1737,489),clickCount=0] on frame0
Apr 07, 2026 10:34:40 PM java.awt.Component dispatchEventImpl
FINEST: java.awt.event.MouseEvent[MOUSE_MOVED,(955,62),absolute(1737,489),clickCount=0] on frame0
Apr 07, 2026 10:34:40 PM java.awt.EventDispatchThread pumpOneEventForFilters
FINEST: Dispatching: java.awt.event.InvocationEvent[INVOCATION_DEFAULT,runnable=sun.awt.GlobalCursorManager$NativeUpdater@1948610a,notifier=null,catchExceptions=false,when=1775572480038] on sun.awt.windows.WToolkit@2f6ff80e
Apr 07, 2026 10:34:40 PM java.awt.EventDispatchThread pumpOneEventForFilters
FINEST: Dispatching: java.awt.event.MouseEvent[MOUSE_MOVED,(955,61),absolute(1737,488),clickCount=0] on frame0
Apr 07, 2026 10:34:40 PM java.awt.Component dispatchEventImpl
FINEST: java.awt.event.MouseEvent[MOUSE_MOVED,(955,61),absolute(1737,488),clickCount=0] on frame0
Apr 07, 2026 10:34:40 PM java.awt.EventDispatchThread pumpOneEventForFilters
FINEST: Dispatching: java.awt.event.InvocationEvent[INVOCATION_DEFAULT,runnable=sun.awt.GlobalCursorManager$NativeUpdater@1948610a,notifier=null,catchExceptions=false,when=1775572480047] on sun.awt.windows.WToolkit@2f6ff80e
Apr 07, 2026 10:34:40 PM java.awt.EventDispatchThread pumpOneEventForFilters
FINEST: Dispatching: java.awt.event.MouseEvent[MOUSE_MOVED,(955,60),absolute(1737,487),clickCount=0] on frame0
Apr 07, 2026 10:34:40 PM java.awt.Component dispatchEventImpl
FINEST: java.awt.event.MouseEvent[MOUSE_MOVED,(955,60),absolute(1737,487),clickCount=0] on frame0
Apr 07, 2026 10:34:40 PM java.awt.EventDispatchThread pumpOneEventForFilters
FINEST: Dispatching: java.awt.event.InvocationEvent[INVOCATION_DEFAULT,runnable=sun.awt.GlobalCursorManager$NativeUpdater@1948610a,notifier=null,catchExceptions=false,when=1775572480053] on sun.awt.windows.WToolkit@2f6ff80e
Apr 07, 2026 10:34:40 PM java.awt.EventDispatchThread pumpOneEventForFilters
FINEST: Dispatching: java.awt.event.MouseEvent[MOUSE_MOVED,(955,59),absolute(1737,486),clickCount=0] on frame0
Apr 07, 2026 10:34:40 PM java.awt.Component dispatchEventImpl
FINEST: java.awt.event.MouseEvent[MOUSE_MOVED,(955,59),absolute(1737,486),clickCount=0] on frame0
Apr 07, 2026 10:34:40 PM java.awt.EventDispatchThread pumpOneEventForFilters
FINEST: Dispatching: java.awt.event.InvocationEvent[INVOCATION_DEFAULT,runnable=sun.awt.GlobalCursorManager$NativeUpdater@1948610a,notifier=null,catchExceptions=false,when=1775572480060] on sun.awt.windows.WToolkit@2f6ff80e
Apr 07, 2026 10:34:40 PM java.awt.EventDispatchThread pumpOneEventForFilters
FINEST: Dispatching: java.awt.event.MouseEvent[MOUSE_MOVED,(955,58),absolute(1737,485),clickCount=0] on frame0
Apr 07, 2026 10:34:40 PM java.awt.Component dispatchEventImpl
FINEST: java.awt.event.MouseEvent[MOUSE_MOVED,(955,58),absolute(1737,485),clickCount=0] on frame0
Apr 07, 2026 10:34:40 PM java.awt.EventDispatchThread pumpOneEventForFilters
FINEST: Dispatching: java.awt.event.InvocationEvent[INVOCATION_DEFAULT,runnable=sun.awt.GlobalCursorManager$NativeUpdater@1948610a,notifier=null,catchExceptions=false,when=1775572480065] on sun.awt.windows.WToolkit@2f6ff80e
Apr 07, 2026 10:34:40 PM java.awt.EventDispatchThread pumpOneEventForFilters
FINEST: Dispatching: java.awt.event.MouseEvent[MOUSE_MOVED,(955,57),absolute(1737,484),clickCount=0] on frame0
Apr 07, 2026 10:34:40 PM java.awt.Component dispatchEventImpl
FINEST: java.awt.event.MouseEvent[MOUSE_MOVED,(955,57),absolute(1737,484),clickCount=0] on frame0
Apr 07, 2026 10:34:40 PM java.awt.EventDispatchThread pumpOneEventForFilters
FINEST: Dispatching: java.awt.event.InvocationEvent[INVOCATION_DEFAULT,runnable=sun.awt.GlobalCursorManager$NativeUpdater@1948610a,notifier=null,catchExceptions=false,when=1775572480070] on sun.awt.windows.WToolkit@2f6ff80e
Apr 07, 2026 10:34:40 PM java.awt.EventDispatchThread pumpOneEventForFilters
FINEST: Dispatching: java.awt.event.MouseEvent[MOUSE_MOVED,(955,56),absolute(1737,483),clickCount=0] on frame0
Apr 07, 2026 10:34:40 PM java.awt.Component dispatchEventImpl
FINEST: java.awt.event.MouseEvent[MOUSE_MOVED,(955,56),absolute(1737,483),clickCount=0] on frame0
Apr 07, 2026 10:34:40 PM java.awt.EventDispatchThread pumpOneEventForFilters
FINEST: Dispatching: java.awt.event.InvocationEvent[INVOCATION_DEFAULT,runnable=sun.awt.GlobalCursorManager$NativeUpdater@1948610a,notifier=null,catchExceptions=false,when=1775572480074] on sun.awt.windows.WToolkit@2f6ff80e
Apr 07, 2026 10:34:40 PM java.awt.EventDispatchThread pumpOneEventForFilters
FINEST: Dispatching: java.awt.event.MouseEvent[MOUSE_MOVED,(955,55),absolute(1737,482),clickCount=0] on frame0
Apr 07, 2026 10:34:40 PM java.awt.Component dispatchEventImpl
FINEST: java.awt.event.MouseEvent[MOUSE_MOVED,(955,55),absolute(1737,482),clickCount=0] on frame0
Apr 07, 2026 10:34:40 PM java.awt.EventDispatchThread pumpOneEventForFilters
FINEST: Dispatching: java.awt.event.InvocationEvent[INVOCATION_DEFAULT,runnable=sun.awt.GlobalCursorManager$NativeUpdater@1948610a,notifier=null,catchExceptions=false,when=1775572480077] on sun.awt.windows.WToolkit@2f6ff80e
Apr 07, 2026 10:34:40 PM java.awt.EventDispatchThread pumpOneEventForFilters
FINEST: Dispatching: java.awt.event.MouseEvent[MOUSE_MOVED,(955,54),absolute(1737,481),clickCount=0] on frame0
Apr 07, 2026 10:34:40 PM java.awt.Component dispatchEventImpl
FINEST: java.awt.event.MouseEvent[MOUSE_MOVED,(955,54),absolute(1737,481),clickCount=0] on frame0
Apr 07, 2026 10:34:40 PM java.awt.EventDispatchThread pumpOneEventForFilters
FINEST: Dispatching: java.awt.event.InvocationEvent[INVOCATION_DEFAULT,runnable=sun.awt.GlobalCursorManager$NativeUpdater@1948610a,notifier=null,catchExceptions=false,when=1775572480079] on sun.awt.windows.WToolkit@2f6ff80e
Apr 07, 2026 10:34:40 PM java.awt.EventDispatchThread pumpOneEventForFilters
FINEST: Dispatching: java.awt.event.MouseEvent[MOUSE_MOVED,(955,53),absolute(1737,480),clickCount=0] on frame0
Apr 07, 2026 10:34:40 PM java.awt.Component dispatchEventImpl
FINEST: java.awt.event.MouseEvent[MOUSE_MOVED,(955,53),absolute(1737,480),clickCount=0] on frame0
Apr 07, 2026 10:34:40 PM java.awt.EventDispatchThread pumpOneEventForFilters
FINEST: Dispatching: java.awt.event.InvocationEvent[INVOCATION_DEFAULT,runnable=sun.awt.GlobalCursorManager$NativeUpdater@1948610a,notifier=null,catchExceptions=false,when=1775572480082] on sun.awt.windows.WToolkit@2f6ff80e
Apr 07, 2026 10:34:40 PM java.awt.EventDispatchThread pumpOneEventForFilters
FINEST: Dispatching: java.awt.event.MouseEvent[MOUSE_MOVED,(955,52),absolute(1737,479),clickCount=0] on frame0
Apr 07, 2026 10:34:40 PM java.awt.Component dispatchEventImpl
FINEST: java.awt.event.MouseEvent[MOUSE_MOVED,(955,52),absolute(1737,479),clickCount=0] on frame0
Apr 07, 2026 10:34:40 PM java.awt.EventDispatchThread pumpOneEventForFilters
FINEST: Dispatching: java.awt.event.InvocationEvent[INVOCATION_DEFAULT,runnable=sun.awt.GlobalCursorManager$NativeUpdater@1948610a,notifier=null,catchExceptions=false,when=1775572480085] on sun.awt.windows.WToolkit@2f6ff80e
Apr 07, 2026 10:34:40 PM java.awt.EventDispatchThread pumpOneEventForFilters
FINEST: Dispatching: java.awt.event.MouseEvent[MOUSE_MOVED,(955,51),absolute(1737,478),clickCount=0] on frame0
Apr 07, 2026 10:34:40 PM java.awt.Component dispatchEventImpl
FINEST: java.awt.event.MouseEvent[MOUSE_MOVED,(955,51),absolute(1737,478),clickCount=0] on frame0
Apr 07, 2026 10:34:40 PM java.awt.EventDispatchThread pumpOneEventForFilters
FINEST: Dispatching: java.awt.event.InvocationEvent[INVOCATION_DEFAULT,runnable=sun.awt.GlobalCursorManager$NativeUpdater@1948610a,notifier=null,catchExceptions=false,when=1775572480087] on sun.awt.windows.WToolkit@2f6ff80e
Apr 07, 2026 10:34:40 PM java.awt.EventDispatchThread pumpOneEventForFilters
FINEST: Dispatching: java.awt.event.MouseEvent[MOUSE_MOVED,(955,50),absolute(1737,477),clickCount=0] on frame0
Apr 07, 2026 10:34:40 PM java.awt.Component dispatchEventImpl
FINEST: java.awt.event.MouseEvent[MOUSE_MOVED,(955,50),absolute(1737,477),clickCount=0] on frame0
Apr 07, 2026 10:34:40 PM java.awt.EventDispatchThread pumpOneEventForFilters
FINEST: Dispatching: java.awt.event.InvocationEvent[INVOCATION_DEFAULT,runnable=sun.awt.GlobalCursorManager$NativeUpdater@1948610a,notifier=null,catchExceptions=false,when=1775572480089] on sun.awt.windows.WToolkit@2f6ff80e
Apr 07, 2026 10:34:40 PM java.awt.EventDispatchThread pumpOneEventForFilters
FINEST: Dispatching: java.awt.event.MouseEvent[MOUSE_MOVED,(955,49),absolute(1737,476),clickCount=0] on frame0
Apr 07, 2026 10:34:40 PM java.awt.Component dispatchEventImpl
FINEST: java.awt.event.MouseEvent[MOUSE_MOVED,(955,49),absolute(1737,476),clickCount=0] on frame0
Apr 07, 2026 10:34:40 PM java.awt.EventDispatchThread pumpOneEventForFilters
FINEST: Dispatching: java.awt.event.InvocationEvent[INVOCATION_DEFAULT,runnable=sun.awt.GlobalCursorManager$NativeUpdater@1948610a,notifier=null,catchExceptions=false,when=1775572480092] on sun.awt.windows.WToolkit@2f6ff80e
Apr 07, 2026 10:34:40 PM java.awt.EventDispatchThread pumpOneEventForFilters
FINEST: Dispatching: java.awt.event.MouseEvent[MOUSE_MOVED,(955,48),absolute(1737,475),clickCount=0] on frame0
Apr 07, 2026 10:34:40 PM java.awt.Component dispatchEventImpl
FINEST: java.awt.event.MouseEvent[MOUSE_MOVED,(955,48),absolute(1737,475),clickCount=0] on frame0
Apr 07, 2026 10:34:40 PM java.awt.EventDispatchThread pumpOneEventForFilters
FINEST: Dispatching: java.awt.event.InvocationEvent[INVOCATION_DEFAULT,runnable=sun.awt.GlobalCursorManager$NativeUpdater@1948610a,notifier=null,catchExceptions=false,when=1775572480094] on sun.awt.windows.WToolkit@2f6ff80e
Apr 07, 2026 10:34:40 PM java.awt.EventDispatchThread pumpOneEventForFilters
FINEST: Dispatching: java.awt.event.MouseEvent[MOUSE_MOVED,(955,47),absolute(1737,474),clickCount=0] on frame0
Apr 07, 2026 10:34:40 PM java.awt.Component dispatchEventImpl
FINEST: java.awt.event.MouseEvent[MOUSE_MOVED,(955,47),absolute(1737,474),clickCount=0] on frame0
Apr 07, 2026 10:34:40 PM java.awt.EventDispatchThread pumpOneEventForFilters
FINEST: Dispatching: java.awt.event.InvocationEvent[INVOCATION_DEFAULT,runnable=sun.awt.GlobalCursorManager$NativeUpdater@1948610a,notifier=null,catchExceptions=false,when=1775572480097] on sun.awt.windows.WToolkit@2f6ff80e
Apr 07, 2026 10:34:40 PM java.awt.EventDispatchThread pumpOneEventForFilters
FINEST: Dispatching: java.awt.event.MouseEvent[MOUSE_MOVED,(955,46),absolute(1737,473),clickCount=0] on frame0
Apr 07, 2026 10:34:40 PM java.awt.Component dispatchEventImpl
FINEST: java.awt.event.MouseEvent[MOUSE_MOVED,(955,46),absolute(1737,473),clickCount=0] on frame0
Apr 07, 2026 10:34:40 PM java.awt.EventDispatchThread pumpOneEventForFilters
FINEST: Dispatching: java.awt.event.InvocationEvent[INVOCATION_DEFAULT,runnable=sun.awt.GlobalCursorManager$NativeUpdater@1948610a,notifier=null,catchExceptions=false,when=1775572480098] on sun.awt.windows.WToolkit@2f6ff80e
Apr 07, 2026 10:34:40 PM java.awt.EventDispatchThread pumpOneEventForFilters
FINEST: Dispatching: java.awt.event.MouseEvent[MOUSE_MOVED,(955,45),absolute(1737,472),clickCount=0] on frame0
Apr 07, 2026 10:34:40 PM java.awt.Component dispatchEventImpl
FINEST: java.awt.event.MouseEvent[MOUSE_MOVED,(955,45),absolute(1737,472),clickCount=0] on frame0
Apr 07, 2026 10:34:40 PM java.awt.EventDispatchThread pumpOneEventForFilters
FINEST: Dispatching: java.awt.event.InvocationEvent[INVOCATION_DEFAULT,runnable=sun.awt.GlobalCursorManager$NativeUpdater@1948610a,notifier=null,catchExceptions=false,when=1775572480102] on sun.awt.windows.WToolkit@2f6ff80e
Apr 07, 2026 10:34:40 PM java.awt.EventDispatchThread pumpOneEventForFilters
FINEST: Dispatching: java.awt.event.MouseEvent[MOUSE_MOVED,(955,44),absolute(1737,471),clickCount=0] on frame0
Apr 07, 2026 10:34:40 PM java.awt.Component dispatchEventImpl
FINEST: java.awt.event.MouseEvent[MOUSE_MOVED,(955,44),absolute(1737,471),clickCount=0] on frame0
Apr 07, 2026 10:34:40 PM java.awt.EventDispatchThread pumpOneEventForFilters
FINEST: Dispatching: java.awt.event.InvocationEvent[INVOCATION_DEFAULT,runnable=sun.awt.GlobalCursorManager$NativeUpdater@1948610a,notifier=null,catchExceptions=false,when=1775572480105] on sun.awt.windows.WToolkit@2f6ff80e
Apr 07, 2026 10:34:40 PM java.awt.EventDispatchThread pumpOneEventForFilters
FINEST: Dispatching: java.awt.event.MouseEvent[MOUSE_MOVED,(955,43),absolute(1737,470),clickCount=0] on frame0
Apr 07, 2026 10:34:40 PM java.awt.Component dispatchEventImpl
FINEST: java.awt.event.MouseEvent[MOUSE_MOVED,(955,43),absolute(1737,470),clickCount=0] on frame0
Apr 07, 2026 10:34:40 PM java.awt.EventDispatchThread pumpOneEventForFilters
FINEST: Dispatching: java.awt.event.InvocationEvent[INVOCATION_DEFAULT,runnable=sun.awt.GlobalCursorManager$NativeUpdater@1948610a,notifier=null,catchExceptions=false,when=1775572480111] on sun.awt.windows.WToolkit@2f6ff80e
Apr 07, 2026 10:34:40 PM java.awt.EventDispatchThread pumpOneEventForFilters
FINEST: Dispatching: java.awt.event.MouseEvent[MOUSE_MOVED,(955,42),absolute(1737,469),clickCount=0] on frame0
Apr 07, 2026 10:34:40 PM java.awt.Component dispatchEventImpl
FINEST: java.awt.event.MouseEvent[MOUSE_MOVED,(955,42),absolute(1737,469),clickCount=0] on frame0
Apr 07, 2026 10:34:40 PM java.awt.EventDispatchThread pumpOneEventForFilters
FINEST: Dispatching: java.awt.event.InvocationEvent[INVOCATION_DEFAULT,runnable=sun.awt.GlobalCursorManager$NativeUpdater@1948610a,notifier=null,catchExceptions=false,when=1775572480112] on sun.awt.windows.WToolkit@2f6ff80e
Apr 07, 2026 10:34:40 PM java.awt.EventDispatchThread pumpOneEventForFilters
FINEST: Dispatching: java.awt.event.MouseEvent[MOUSE_MOVED,(955,41),absolute(1737,468),clickCount=0] on frame0
Apr 07, 2026 10:34:40 PM java.awt.Component dispatchEventImpl
FINEST: java.awt.event.MouseEvent[MOUSE_MOVED,(955,41),absolute(1737,468),clickCount=0] on frame0
Apr 07, 2026 10:34:40 PM java.awt.EventDispatchThread pumpOneEventForFilters
FINEST: Dispatching: java.awt.event.InvocationEvent[INVOCATION_DEFAULT,runnable=sun.awt.GlobalCursorManager$NativeUpdater@1948610a,notifier=null,catchExceptions=false,when=1775572480123] on sun.awt.windows.WToolkit@2f6ff80e
Apr 07, 2026 10:34:40 PM java.awt.EventDispatchThread pumpOneEventForFilters
FINEST: Dispatching: java.awt.event.MouseEvent[MOUSE_MOVED,(955,40),absolute(1737,467),clickCount=0] on frame0
Apr 07, 2026 10:34:40 PM java.awt.Component dispatchEventImpl
FINEST: java.awt.event.MouseEvent[MOUSE_MOVED,(955,40),absolute(1737,467),clickCount=0] on frame0
Apr 07, 2026 10:34:40 PM java.awt.EventDispatchThread pumpOneEventForFilters
FINEST: Dispatching: java.awt.event.InvocationEvent[INVOCATION_DEFAULT,runnable=sun.awt.GlobalCursorManager$NativeUpdater@1948610a,notifier=null,catchExceptions=false,when=1775572480160] on sun.awt.windows.WToolkit@2f6ff80e
Apr 07, 2026 10:34:40 PM java.awt.EventDispatchThread pumpOneEventForFilters
FINEST: Dispatching: java.awt.event.MouseEvent[MOUSE_MOVED,(955,39),absolute(1737,466),clickCount=0] on frame0
Apr 07, 2026 10:34:40 PM java.awt.Component dispatchEventImpl
FINEST: java.awt.event.MouseEvent[MOUSE_MOVED,(955,39),absolute(1737,466),clickCount=0] on frame0
Apr 07, 2026 10:34:40 PM java.awt.EventDispatchThread pumpOneEventForFilters
FINEST: Dispatching: java.awt.event.InvocationEvent[INVOCATION_DEFAULT,runnable=sun.awt.GlobalCursorManager$NativeUpdater@1948610a,notifier=null,catchExceptions=false,when=1775572480168] on sun.awt.windows.WToolkit@2f6ff80e
Apr 07, 2026 10:34:40 PM java.awt.EventDispatchThread pumpOneEventForFilters
FINEST: Dispatching: java.awt.event.MouseEvent[MOUSE_MOVED,(956,39),absolute(1738,466),clickCount=0] on frame0
Apr 07, 2026 10:34:40 PM java.awt.Component dispatchEventImpl
FINEST: java.awt.event.MouseEvent[MOUSE_MOVED,(956,39),absolute(1738,466),clickCount=0] on frame0
Apr 07, 2026 10:34:40 PM java.awt.EventDispatchThread pumpOneEventForFilters
FINEST: Dispatching: java.awt.event.InvocationEvent[INVOCATION_DEFAULT,runnable=sun.awt.GlobalCursorManager$NativeUpdater@1948610a,notifier=null,catchExceptions=false,when=1775572480169] on sun.awt.windows.WToolkit@2f6ff80e
Apr 07, 2026 10:34:40 PM java.awt.EventDispatchThread pumpOneEventForFilters
FINEST: Dispatching: java.awt.event.MouseEvent[MOUSE_MOVED,(956,38),absolute(1738,465),clickCount=0] on frame0
Apr 07, 2026 10:34:40 PM java.awt.Component dispatchEventImpl
FINEST: java.awt.event.MouseEvent[MOUSE_MOVED,(956,38),absolute(1738,465),clickCount=0] on frame0
Apr 07, 2026 10:34:40 PM java.awt.EventDispatchThread pumpOneEventForFilters
FINEST: Dispatching: java.awt.event.InvocationEvent[INVOCATION_DEFAULT,runnable=sun.awt.GlobalCursorManager$NativeUpdater@1948610a,notifier=null,catchExceptions=false,when=1775572480172] on sun.awt.windows.WToolkit@2f6ff80e
Apr 07, 2026 10:34:40 PM java.awt.EventDispatchThread pumpOneEventForFilters
FINEST: Dispatching: java.awt.event.MouseEvent[MOUSE_MOVED,(956,37),absolute(1738,464),clickCount=0] on frame0
Apr 07, 2026 10:34:40 PM java.awt.Component dispatchEventImpl
FINEST: java.awt.event.MouseEvent[MOUSE_MOVED,(956,37),absolute(1738,464),clickCount=0] on frame0
Apr 07, 2026 10:34:40 PM java.awt.EventDispatchThread pumpOneEventForFilters
FINEST: Dispatching: java.awt.event.InvocationEvent[INVOCATION_DEFAULT,runnable=sun.awt.GlobalCursorManager$NativeUpdater@1948610a,notifier=null,catchExceptions=false,when=1775572480176] on sun.awt.windows.WToolkit@2f6ff80e
Apr 07, 2026 10:34:40 PM java.awt.EventDispatchThread pumpOneEventForFilters
FINEST: Dispatching: java.awt.event.MouseEvent[MOUSE_MOVED,(956,36),absolute(1738,463),clickCount=0] on frame0
Apr 07, 2026 10:34:40 PM java.awt.Component dispatchEventImpl
FINEST: java.awt.event.MouseEvent[MOUSE_MOVED,(956,36),absolute(1738,463),clickCount=0] on frame0
Apr 07, 2026 10:34:40 PM java.awt.EventDispatchThread pumpOneEventForFilters
FINEST: Dispatching: java.awt.event.InvocationEvent[INVOCATION_DEFAULT,runnable=sun.awt.GlobalCursorManager$NativeUpdater@1948610a,notifier=null,catchExceptions=false,when=1775572480180] on sun.awt.windows.WToolkit@2f6ff80e
Apr 07, 2026 10:34:40 PM java.awt.EventDispatchThread pumpOneEventForFilters
FINEST: Dispatching: java.awt.event.MouseEvent[MOUSE_MOVED,(956,35),absolute(1738,462),clickCount=0] on frame0
Apr 07, 2026 10:34:40 PM java.awt.Component dispatchEventImpl
FINEST: java.awt.event.MouseEvent[MOUSE_MOVED,(956,35),absolute(1738,462),clickCount=0] on frame0
Apr 07, 2026 10:34:40 PM java.awt.EventDispatchThread pumpOneEventForFilters
FINEST: Dispatching: java.awt.event.InvocationEvent[INVOCATION_DEFAULT,runnable=sun.awt.GlobalCursorManager$NativeUpdater@1948610a,notifier=null,catchExceptions=false,when=1775572480184] on sun.awt.windows.WToolkit@2f6ff80e
Apr 07, 2026 10:34:40 PM java.awt.EventDispatchThread pumpOneEventForFilters
FINEST: Dispatching: java.awt.event.MouseEvent[MOUSE_MOVED,(956,34),absolute(1738,461),clickCount=0] on frame0
Apr 07, 2026 10:34:40 PM java.awt.Component dispatchEventImpl
FINEST: java.awt.event.MouseEvent[MOUSE_MOVED,(956,34),absolute(1738,461),clickCount=0] on frame0
Apr 07, 2026 10:34:40 PM java.awt.EventDispatchThread pumpOneEventForFilters
FINEST: Dispatching: java.awt.event.InvocationEvent[INVOCATION_DEFAULT,runnable=sun.awt.GlobalCursorManager$NativeUpdater@1948610a,notifier=null,catchExceptions=false,when=1775572480189] on sun.awt.windows.WToolkit@2f6ff80e
Apr 07, 2026 10:34:40 PM java.awt.EventDispatchThread pumpOneEventForFilters
FINEST: Dispatching: java.awt.event.MouseEvent[MOUSE_MOVED,(956,33),absolute(1738,460),clickCount=0] on frame0
Apr 07, 2026 10:34:40 PM java.awt.Component dispatchEventImpl
FINEST: java.awt.event.MouseEvent[MOUSE_MOVED,(956,33),absolute(1738,460),clickCount=0] on frame0
Apr 07, 2026 10:34:40 PM java.awt.EventDispatchThread pumpOneEventForFilters
FINEST: Dispatching: java.awt.event.InvocationEvent[INVOCATION_DEFAULT,runnable=sun.awt.GlobalCursorManager$NativeUpdater@1948610a,notifier=null,catchExceptions=false,when=1775572480192] on sun.awt.windows.WToolkit@2f6ff80e
Apr 07, 2026 10:34:40 PM java.awt.EventDispatchThread pumpOneEventForFilters
FINEST: Dispatching: java.awt.event.MouseEvent[MOUSE_MOVED,(956,32),absolute(1738,459),clickCount=0] on frame0
Apr 07, 2026 10:34:40 PM java.awt.Component dispatchEventImpl
FINEST: java.awt.event.MouseEvent[MOUSE_MOVED,(956,32),absolute(1738,459),clickCount=0] on frame0
Apr 07, 2026 10:34:40 PM java.awt.EventDispatchThread pumpOneEventForFilters
FINEST: Dispatching: java.awt.event.InvocationEvent[INVOCATION_DEFAULT,runnable=sun.awt.GlobalCursorManager$NativeUpdater@1948610a,notifier=null,catchExceptions=false,when=1775572480197] on sun.awt.windows.WToolkit@2f6ff80e
Apr 07, 2026 10:34:40 PM java.awt.EventDispatchThread pumpOneEventForFilters
FINEST: Dispatching: java.awt.event.MouseEvent[MOUSE_MOVED,(956,31),absolute(1738,458),clickCount=0] on frame0
Apr 07, 2026 10:34:40 PM java.awt.Component dispatchEventImpl
FINEST: java.awt.event.MouseEvent[MOUSE_MOVED,(956,31),absolute(1738,458),clickCount=0] on frame0
Apr 07, 2026 10:34:40 PM java.awt.EventDispatchThread pumpOneEventForFilters
FINEST: Dispatching: java.awt.event.MouseEvent[MOUSE_EXITED,(956,30),absolute(1738,457),button=0,clickCount=0] on frame0
Apr 07, 2026 10:34:40 PM java.awt.Component dispatchEventImpl
FINEST: java.awt.event.MouseEvent[MOUSE_EXITED,(956,30),absolute(1738,457),button=0,clickCount=0] on frame0
Apr 07, 2026 10:34:40 PM java.awt.EventDispatchThread pumpOneEventForFilters
FINEST: Dispatching: sun.awt.TimedWindowEvent[WINDOW_CLOSING,opposite=null,oldState=0,newState=0] on frame0
Apr 07, 2026 10:34:40 PM java.awt.Component dispatchEventImpl
FINEST: sun.awt.TimedWindowEvent[WINDOW_CLOSING,opposite=null,oldState=0,newState=0] on frame0
Apr 07, 2026 10:34:40 PM java.awt.KeyboardFocusManager retargetFocusEvent
FINER: >>> sun.awt.TimedWindowEvent[WINDOW_CLOSING,opposite=null,oldState=0,newState=0] on frame0
Apr 07, 2026 10:34:40 PM java.awt.DefaultKeyboardFocusManager dispatchEvent
FINE: sun.awt.TimedWindowEvent[WINDOW_CLOSING,opposite=null,oldState=0,newState=0] on frame0
Apr 07, 2026 10:34:40 PM java.lang.Shutdown logRuntimeExit
FINE: Runtime.exit() called with status: 0
java.lang.Throwable: Runtime.exit(0)
	at java.base/java.lang.Shutdown.logRuntimeExit(Shutdown.java:179)
	at java.base/java.lang.Shutdown.exit(Shutdown.java:160)
	at java.base/java.lang.Runtime.exit(Runtime.java:177)
	at java.base/java.lang.System.exit(System.java:1540)
	at java.desktop/javax.swing.JFrame.processWindowEvent(JFrame.java:311)
	at java.desktop/java.awt.Window.processEvent(Window.java:1954)
	at java.desktop/java.awt.Component.dispatchEventImpl(Component.java:4958)
	at java.desktop/java.awt.Container.dispatchEventImpl(Container.java:2318)
	at java.desktop/java.awt.Window.dispatchEventImpl(Window.java:2671)
	at java.desktop/java.awt.Component.dispatchEvent(Component.java:4790)
	at java.desktop/java.awt.EventQueue.dispatchEventImpl(EventQueue.java:725)
	at java.desktop/java.awt.EventQueue.dispatchEvent(EventQueue.java:702)
	at java.desktop/java.awt.EventDispatchThread.pumpOneEventForFilters(EventDispatchThread.java:203)
	at java.desktop/java.awt.EventDispatchThread.pumpEventsForFilter(EventDispatchThread.java:124)
	at java.desktop/java.awt.EventDispatchThread.pumpEventsForHierarchy(EventDispatchThread.java:113)
	at java.desktop/java.awt.EventDispatchThread.pumpEvents(EventDispatchThread.java:109)
	at java.desktop/java.awt.EventDispatchThread.pumpEvents(EventDispatchThread.java:101)
	at java.desktop/java.awt.EventDispatchThread.run(EventDispatchThread.java:90)

